app/build/outputs/logs/manifest-merger-debug-report.txt
-- Merging decision tree log ---
manifest
ADDED from src\main\AndroidManifest.xml:2:1-207:12
INJECTED from src\main\AndroidManifest.xml:2:1-207:12
INJECTED from src\main\AndroidManifest.xml:2:1-207:12
INJECTED from src\main\AndroidManifest.xml:2:1-207:12
MERGED from [:dialogview] AndroidManifest.xml:2:1-11:12
MERGED from [:coolswitch] AndroidManifest.xml:2:1-11:12
MERGED from [:selfseekbar] AndroidManifest.xml:2:1-17:12
MERGED from [:vstarcam] AndroidManifest.xml:2:1-37:12
MERGED from [:smart_link] AndroidManifest.xml:2:1-33:12
MERGED from [com.ashokvarma.android:bottom-navigation-bar:1.3.1] AndroidManifest.xml:2:1-15:12
MERGED from [com.android.support:design:25.3.1] AndroidManifest.xml:17:1-31:12
MERGED from [ru.alexbykov:nopermission:1.1.2] AndroidManifest.xml:2:1-12:12
MERGED from [com.github.goweii:AnyLayer:2.1.2] AndroidManifest.xml:2:1-11:12
MERGED from [com.github.goweii:Blurred:1.0.0] AndroidManifest.xml:2:1-11:12
MERGED from [com.android.support:appcompat-v7:25.3.1] AndroidManifest.xml:17:1-31:12
MERGED from [com.android.support:transition:25.3.1] AndroidManifest.xml:17:1-28:12
MERGED from [com.android.support:support-v4:25.3.1] AndroidManifest.xml:17:1-31:12
MERGED from [com.android.support:cardview-v7:25.3.1] AndroidManifest.xml:17:1-28:12
MERGED from [com.contrarywind:Android-PickerView:3.0.8] AndroidManifest.xml:2:1-11:12
MERGED from [com.yanzhenjie:andserver:1.0.3] AndroidManifest.xml:17:1-25:12
MERGED from [com.tencent.bugly:crashreport:2.2.0] AndroidManifest.xml:2:1-11:12
MERGED from [cn.gavinliu:ShapedImageView:0.8.6] AndroidManifest.xml:2:1-11:12
MERGED from [com.github.bumptech.glide:glide:4.8.0] AndroidManifest.xml:2:1-12:12
MERGED from [com.android.support:animated-vector-drawable:25.3.1] AndroidManifest.xml:17:1-28:12
MERGED from [com.android.support:support-vector-drawable:25.3.1] AndroidManifest.xml:17:1-28:12
MERGED from [com.android.support:support-fragment:25.3.1] AndroidManifest.xml:17:1-31:12
MERGED from [com.android.support:support-media-compat:25.3.1] AndroidManifest.xml:17:1-31:12
MERGED from [com.android.support:support-core-utils:25.3.1] AndroidManifest.xml:17:1-31:12
MERGED from [com.android.support:recyclerview-v7:25.3.1] AndroidManifest.xml:17:1-26:12
MERGED from [com.android.support:support-core-ui:25.3.1] AndroidManifest.xml:17:1-31:12
MERGED from [com.android.support:support-compat:25.3.1] AndroidManifest.xml:17:1-31:12
MERGED from [com.github.bumptech.glide:gifdecoder:4.8.0] AndroidManifest.xml:2:1-11:12
MERGED from [com.android.support.constraint:constraint-layout:1.1.3] AndroidManifest.xml:2:1-11:12
INJECTED from src\main\AndroidManifest.xml:2:1-207:12
INJECTED from src\main\AndroidManifest.xml:2:1-207:12
INJECTED from src\main\AndroidManifest.xml:2:1-207:12
	package
		ADDED from src\main\AndroidManifest.xml:4:5-37
		INJECTED from src\main\AndroidManifest.xml
		INJECTED from src\main\AndroidManifest.xml
	android:versionName
		INJECTED from src\main\AndroidManifest.xml
		ADDED from src\main\AndroidManifest.xml:2:1-207:12
		INJECTED from src\main\AndroidManifest.xml
	xmlns:tools
		ADDED from src\main\AndroidManifest.xml:3:5-51
	android:versionCode
		INJECTED from src\main\AndroidManifest.xml
		ADDED from src\main\AndroidManifest.xml:2:1-207:12
		INJECTED from src\main\AndroidManifest.xml
	xmlns:android
		ADDED from src\main\AndroidManifest.xml:2:11-69
uses-permission#android.permission.NFC
ADDED from src\main\AndroidManifest.xml:7:5-81
	tools:node
		ADDED from src\main\AndroidManifest.xml:7:60-79
	android:name
		ADDED from src\main\AndroidManifest.xml:7:22-59
uses-permission#android.permission.REQUEST_IGNORE_BATTERY_OPTIMIZATIONS
ADDED from src\main\AndroidManifest.xml:9:5-114
	tools:node
		ADDED from src\main\AndroidManifest.xml:9:93-112
	android:name
		ADDED from src\main\AndroidManifest.xml:9:22-92
uses-permission#android.permission.MOUNT_UNMOUNT_FILESYSTEMS
ADDED from src\main\AndroidManifest.xml:11:5-84
	android:name
		ADDED from src\main\AndroidManifest.xml:11:22-81
uses-permission#android.permission.WRITE_EXTERNAL_STORAGE
ADDED from src\main\AndroidManifest.xml:12:5-81
	android:name
		ADDED from src\main\AndroidManifest.xml:12:22-78
uses-permission#android.permission.READ_EXTERNAL_STORAGE
ADDED from src\main\AndroidManifest.xml:13:5-80
	android:name
		ADDED from src\main\AndroidManifest.xml:13:22-77
uses-permission#android.permission.WRITE_SETTINGS
ADDED from src\main\AndroidManifest.xml:14:5-73
	android:name
		ADDED from src\main\AndroidManifest.xml:14:22-70
uses-permission#android.permission.KILL_BACKGROUND_PROCESSES
ADDED from src\main\AndroidManifest.xml:16:5-103
	tools:node
		ADDED from src\main\AndroidManifest.xml:16:82-101
	android:name
		ADDED from src\main\AndroidManifest.xml:16:22-81
uses-permission#android.permission.READ_PHONE_STATE
ADDED from src\main\AndroidManifest.xml:18:5-95
	tools:node
		ADDED from src\main\AndroidManifest.xml:18:73-92
	android:name
		ADDED from src\main\AndroidManifest.xml:18:22-72
uses-permission#android.permission.CHANGE_CONFIGURATION
ADDED from src\main\AndroidManifest.xml:19:5-99
	tools:node
		ADDED from src\main\AndroidManifest.xml:19:77-96
	android:name
		ADDED from src\main\AndroidManifest.xml:19:22-76
uses-permission#android.permission.CALL_PHONE
ADDED from src\main\AndroidManifest.xml:21:5-89
	tools:node
		ADDED from src\main\AndroidManifest.xml:21:68-87
	android:name
		ADDED from src\main\AndroidManifest.xml:21:22-66
uses-permission#android.permission.BLUETOOTH
ADDED from src\main\AndroidManifest.xml:23:5-88
	tools:node
		ADDED from src\main\AndroidManifest.xml:23:67-86
	android:name
		ADDED from src\main\AndroidManifest.xml:23:22-65
uses-permission#android.permission.BLUETOOTH_ADMIN
ADDED from src\main\AndroidManifest.xml:24:5-93
	tools:node
		ADDED from src\main\AndroidManifest.xml:24:72-91
	android:name
		ADDED from src\main\AndroidManifest.xml:24:22-71
uses-permission#android.permission.CHANGE_WIFI_MULTICAST_STATE
ADDED from src\main\AndroidManifest.xml:26:5-106
	tools:node
		ADDED from src\main\AndroidManifest.xml:26:85-104
	android:name
		ADDED from src\main\AndroidManifest.xml:26:22-83
uses-permission#android.permission.CHANGE_WIFI_STATE
ADDED from src\main\AndroidManifest.xml:27:5-96
REJECTED from [:smart_link] AndroidManifest.xml:14:5-76
	tools:node
		ADDED from src\main\AndroidManifest.xml:27:75-94
	android:name
		ADDED from src\main\AndroidManifest.xml:27:22-73
uses-permission#android.permission.CHANGE_NETWORK_STATE
ADDED from src\main\AndroidManifest.xml:28:5-98
REJECTED from [:smart_link] AndroidManifest.xml:15:5-79
	tools:node
		ADDED from src\main\AndroidManifest.xml:28:77-96
	android:name
		ADDED from src\main\AndroidManifest.xml:28:22-76
uses-permission#android.permission.INTERNET
ADDED from src\main\AndroidManifest.xml:29:5-67
MERGED from [:vstarcam] AndroidManifest.xml:11:5-67
MERGED from [:vstarcam] AndroidManifest.xml:11:5-67
MERGED from [:smart_link] AndroidManifest.xml:16:5-67
MERGED from [:smart_link] AndroidManifest.xml:16:5-67
	android:name
		ADDED from src\main\AndroidManifest.xml:29:22-64
uses-permission#android.permission.ACCESS_WIFI_STATE
ADDED from src\main\AndroidManifest.xml:30:5-78
MERGED from [:smart_link] AndroidManifest.xml:13:5-76
MERGED from [:smart_link] AndroidManifest.xml:13:5-76
	android:name
		ADDED from src\main\AndroidManifest.xml:30:22-73
uses-permission#android.permission.ACCESS_NETWORK_STATE
ADDED from src\main\AndroidManifest.xml:31:5-79
MERGED from [:smart_link] AndroidManifest.xml:11:5-79
MERGED from [:smart_link] AndroidManifest.xml:11:5-79
	android:name
		ADDED from src\main\AndroidManifest.xml:31:22-76
uses-permission#android.permission.ACCESS_FINE_LOCATION
ADDED from src\main\AndroidManifest.xml:32:5-79
	android:name
		ADDED from src\main\AndroidManifest.xml:32:22-76
uses-permission#android.permission.ACCESS_COARSE_LOCATION
ADDED from src\main\AndroidManifest.xml:33:5-100
	tools:node
		ADDED from src\main\AndroidManifest.xml:33:79-98
	android:name
		ADDED from src\main\AndroidManifest.xml:33:22-78
uses-permission#android.permission.READ_LOGS
ADDED from src\main\AndroidManifest.xml:34:5-87
	tools:node
		ADDED from src\main\AndroidManifest.xml:34:66-85
	android:name
		ADDED from src\main\AndroidManifest.xml:34:22-65
uses-feature#android.hardware.audio.low_latency
ADDED from src\main\AndroidManifest.xml:47:5-95
	android:required
		ADDED from src\main\AndroidManifest.xml:47:69-93
	android:name
		ADDED from src\main\AndroidManifest.xml:47:19-68
uses-feature#android.hardware.location
ADDED from src\main\AndroidManifest.xml:48:5-86
	android:required
		ADDED from src\main\AndroidManifest.xml:48:60-84
	android:name
		ADDED from src\main\AndroidManifest.xml:48:19-59
uses-feature#android.hardware.location.network
ADDED from src\main\AndroidManifest.xml:49:5-94
	android:required
		ADDED from src\main\AndroidManifest.xml:49:68-92
	android:name
		ADDED from src\main\AndroidManifest.xml:49:19-67
uses-feature#android.hardware.location.gps
ADDED from src\main\AndroidManifest.xml:50:5-90
	android:required
		ADDED from src\main\AndroidManifest.xml:50:64-88
	android:name
		ADDED from src\main\AndroidManifest.xml:50:19-63
uses-feature#android.hardware.microphone
ADDED from src\main\AndroidManifest.xml:51:5-88
	android:required
		ADDED from src\main\AndroidManifest.xml:51:62-86
	android:name
		ADDED from src\main\AndroidManifest.xml:51:19-61
uses-feature#android.hardware.touchscreen
ADDED from src\main\AndroidManifest.xml:52:5-89
	android:required
		ADDED from src\main\AndroidManifest.xml:52:63-87
	android:name
		ADDED from src\main\AndroidManifest.xml:52:19-62
uses-feature#android.hardware.touchscreen.multitouch
ADDED from src\main\AndroidManifest.xml:53:5-100
	android:required
		ADDED from src\main\AndroidManifest.xml:53:74-98
	android:name
		ADDED from src\main\AndroidManifest.xml:53:19-73
uses-feature#android.hardware.touchscreen.multitouch.distinct
ADDED from src\main\AndroidManifest.xml:54:5-109
	android:required
		ADDED from src\main\AndroidManifest.xml:54:83-107
	android:name
		ADDED from src\main\AndroidManifest.xml:54:19-82
uses-feature#android.hardware.touchscreen.multitouch.jazzhand
ADDED from src\main\AndroidManifest.xml:55:5-109
	android:required
		ADDED from src\main\AndroidManifest.xml:55:83-107
	android:name
		ADDED from src\main\AndroidManifest.xml:55:19-82
uses-feature#android.hardware.screen.portrait
ADDED from src\main\AndroidManifest.xml:56:5-93
	android:required
		ADDED from src\main\AndroidManifest.xml:56:67-91
	android:name
		ADDED from src\main\AndroidManifest.xml:56:19-66
uses-feature#android.hardware.sensor.accelerometer
ADDED from src\main\AndroidManifest.xml:57:5-98
	android:required
		ADDED from src\main\AndroidManifest.xml:57:72-96
	android:name
		ADDED from src\main\AndroidManifest.xml:57:19-71
uses-feature#android.hardware.sensor.light
ADDED from src\main\AndroidManifest.xml:58:5-90
	android:required
		ADDED from src\main\AndroidManifest.xml:58:64-88
	android:name
		ADDED from src\main\AndroidManifest.xml:58:19-63
uses-feature#android.hardware.sensor.compass
ADDED from src\main\AndroidManifest.xml:59:5-92
	android:required
		ADDED from src\main\AndroidManifest.xml:59:66-90
	android:name
		ADDED from src\main\AndroidManifest.xml:59:19-65
uses-feature#android.hardware.sensor.barometer
ADDED from src\main\AndroidManifest.xml:60:5-94
	android:required
		ADDED from src\main\AndroidManifest.xml:60:68-92
	android:name
		ADDED from src\main\AndroidManifest.xml:60:19-67
uses-feature#android.hardware.sensor.stepdetector
ADDED from src\main\AndroidManifest.xml:61:5-97
	android:required
		ADDED from src\main\AndroidManifest.xml:61:71-95
	android:name
		ADDED from src\main\AndroidManifest.xml:61:19-70
application
ADDED from src\main\AndroidManifest.xml:64:5-205:19
MERGED from [:selfseekbar] AndroidManifest.xml:11:5-15:19
MERGED from [:selfseekbar] AndroidManifest.xml:11:5-15:19
MERGED from [:vstarcam] AndroidManifest.xml:13:5-35:19
MERGED from [:vstarcam] AndroidManifest.xml:13:5-35:19
MERGED from [:smart_link] AndroidManifest.xml:18:5-31:19
MERGED from [:smart_link] AndroidManifest.xml:18:5-31:19
MERGED from [com.ashokvarma.android:bottom-navigation-bar:1.3.1] AndroidManifest.xml:11:5-13:38
MERGED from [com.ashokvarma.android:bottom-navigation-bar:1.3.1] AndroidManifest.xml:11:5-13:38
MERGED from [com.android.support:design:25.3.1] AndroidManifest.xml:29:5-20
MERGED from [com.android.support:design:25.3.1] AndroidManifest.xml:29:5-20
MERGED from [com.android.support:appcompat-v7:25.3.1] AndroidManifest.xml:29:5-20
MERGED from [com.android.support:appcompat-v7:25.3.1] AndroidManifest.xml:29:5-20
MERGED from [com.android.support:transition:25.3.1] AndroidManifest.xml:26:5-20
MERGED from [com.android.support:transition:25.3.1] AndroidManifest.xml:26:5-20
MERGED from [com.android.support:support-v4:25.3.1] AndroidManifest.xml:29:5-20
MERGED from [com.android.support:support-v4:25.3.1] AndroidManifest.xml:29:5-20
MERGED from [com.android.support:cardview-v7:25.3.1] AndroidManifest.xml:26:5-20
MERGED from [com.android.support:cardview-v7:25.3.1] AndroidManifest.xml:26:5-20
MERGED from [com.github.bumptech.glide:glide:4.8.0] AndroidManifest.xml:10:5-20
MERGED from [com.github.bumptech.glide:glide:4.8.0] AndroidManifest.xml:10:5-20
MERGED from [com.android.support:animated-vector-drawable:25.3.1] AndroidManifest.xml:26:5-20
MERGED from [com.android.support:animated-vector-drawable:25.3.1] AndroidManifest.xml:26:5-20
MERGED from [com.android.support:support-vector-drawable:25.3.1] AndroidManifest.xml:26:5-20
MERGED from [com.android.support:support-vector-drawable:25.3.1] AndroidManifest.xml:26:5-20
MERGED from [com.android.support:support-fragment:25.3.1] AndroidManifest.xml:29:5-20
MERGED from [com.android.support:support-fragment:25.3.1] AndroidManifest.xml:29:5-20
MERGED from [com.android.support:support-media-compat:25.3.1] AndroidManifest.xml:29:5-20
MERGED from [com.android.support:support-media-compat:25.3.1] AndroidManifest.xml:29:5-20
MERGED from [com.android.support:support-core-utils:25.3.1] AndroidManifest.xml:29:5-20
MERGED from [com.android.support:support-core-utils:25.3.1] AndroidManifest.xml:29:5-20
MERGED from [com.android.support:support-core-ui:25.3.1] AndroidManifest.xml:29:5-20
MERGED from [com.android.support:support-core-ui:25.3.1] AndroidManifest.xml:29:5-20
MERGED from [com.android.support:support-compat:25.3.1] AndroidManifest.xml:29:5-20
MERGED from [com.android.support:support-compat:25.3.1] AndroidManifest.xml:29:5-20
MERGED from [com.github.bumptech.glide:gifdecoder:4.8.0] AndroidManifest.xml:9:5-20
MERGED from [com.github.bumptech.glide:gifdecoder:4.8.0] AndroidManifest.xml:9:5-20
MERGED from [com.android.support.constraint:constraint-layout:1.1.3] AndroidManifest.xml:9:5-20
MERGED from [com.android.support.constraint:constraint-layout:1.1.3] AndroidManifest.xml:9:5-20
	android:supportsRtl
		ADDED from src\main\AndroidManifest.xml:70:6-32
	android:label
		ADDED from src\main\AndroidManifest.xml:69:6-38
	android:icon
		ADDED from src\main\AndroidManifest.xml:67:6-40
	android:allowBackup
		ADDED from src\main\AndroidManifest.xml:66:6-32
	android:theme
		ADDED from src\main\AndroidManifest.xml:71:6-37
	android:networkSecurityConfig
		ADDED from src\main\AndroidManifest.xml:68:6-66
	android:name
		ADDED from src\main\AndroidManifest.xml:65:6-38
activity#com.shima.smartbushome.WelcomeActivity
ADDED from src\main\AndroidManifest.xml:75:9-84:20
	android:screenOrientation
		ADDED from src\main\AndroidManifest.xml:77:13-52
	android:configChanges
		ADDED from src\main\AndroidManifest.xml:78:13-74
	android:theme
		ADDED from src\main\AndroidManifest.xml:79:13-48
	android:name
		ADDED from src\main\AndroidManifest.xml:76:13-66
intent-filter#action:name:android.intent.action.MAIN+category:name:android.intent.category.LAUNCHER
ADDED from src\main\AndroidManifest.xml:80:13-83:29
action#android.intent.action.MAIN
ADDED from src\main\AndroidManifest.xml:81:17-69
	android:name
		ADDED from src\main\AndroidManifest.xml:81:25-66
category#android.intent.category.LAUNCHER
ADDED from src\main\AndroidManifest.xml:82:17-77
	android:name
		ADDED from src\main\AndroidManifest.xml:82:27-74
activity#com.shima.smartbushome.MainActivity
ADDED from src\main\AndroidManifest.xml:86:9-105:20
	android:screenOrientation
		ADDED from src\main\AndroidManifest.xml:89:13-52
	android:configChanges
		ADDED from src\main\AndroidManifest.xml:88:13-74
	android:name
		ADDED from src\main\AndroidManifest.xml:87:13-63
intent-filter#action:name:android.intent.action.main+category:name:android.intent.category.DEFAULT
ADDED from src\main\AndroidManifest.xml:90:13-94:29
action#android.intent.action.main
ADDED from src\main\AndroidManifest.xml:91:17-69
	android:name
		ADDED from src\main\AndroidManifest.xml:91:25-66
category#android.intent.category.DEFAULT
ADDED from src\main\AndroidManifest.xml:93:17-76
	android:name
		ADDED from src\main\AndroidManifest.xml:93:27-73
intent-filter#action:name:android.nfc.action.TAG_DISCOVERED+action:name:android.nfc.action.TECH_DISCOVERED+category:name:android.intent.category.DEFAULT
ADDED from src\main\AndroidManifest.xml:95:13-100:29
action#android.nfc.action.TECH_DISCOVERED
ADDED from src\main\AndroidManifest.xml:96:17-77
	android:name
		ADDED from src\main\AndroidManifest.xml:96:25-74
action#android.nfc.action.TAG_DISCOVERED
ADDED from src\main\AndroidManifest.xml:97:17-76
	android:name
		ADDED from src\main\AndroidManifest.xml:97:25-73
meta-data#android.nfc.action.TECH_DISCOVERED
ADDED from src\main\AndroidManifest.xml:102:13-104:59
	android:resource
		ADDED from src\main\AndroidManifest.xml:104:17-56
	android:name
		ADDED from src\main\AndroidManifest.xml:103:17-66
activity#com.shima.smartbushome.DatabaseActivity
ADDED from src\main\AndroidManifest.xml:107:9-113:20
	android:screenOrientation
		ADDED from src\main\AndroidManifest.xml:108:13-52
	android:name
		ADDED from src\main\AndroidManifest.xml:107:19-51
intent-filter#action:name:com.shima.smartbushome.databaseactivity+category:name:android.intent.category.DEFAULT
ADDED from src\main\AndroidManifest.xml:109:13-112:29
action#com.shima.smartbushome.databaseactivity
ADDED from src\main\AndroidManifest.xml:110:17-82
	android:name
		ADDED from src\main\AndroidManifest.xml:110:25-79
activity#com.shima.smartbushome.RoomActivity
ADDED from src\main\AndroidManifest.xml:115:9-117:55
	android:screenOrientation
		ADDED from src\main\AndroidManifest.xml:117:13-52
	android:name
		ADDED from src\main\AndroidManifest.xml:116:13-63
activity#com.shima.smartbushome.FounctionActivity
ADDED from src\main\AndroidManifest.xml:118:9-121:55
	android:screenOrientation
		ADDED from src\main\AndroidManifest.xml:120:13-52
	android:windowSoftInputMode
		ADDED from src\main\AndroidManifest.xml:121:13-52
	android:name
		ADDED from src\main\AndroidManifest.xml:119:13-68
activity#com.shima.smartbushome.NetDaviceListActivity
ADDED from src\main\AndroidManifest.xml:122:9-125:53
	android:screenOrientation
		ADDED from src\main\AndroidManifest.xml:124:13-52
	android:theme
		ADDED from src\main\AndroidManifest.xml:125:13-50
	android:name
		ADDED from src\main\AndroidManifest.xml:123:13-72
activity#com.shima.smartbushome.about.HelpActivity
ADDED from src\main\AndroidManifest.xml:126:9-128:55
	android:screenOrientation
		ADDED from src\main\AndroidManifest.xml:128:13-52
	android:name
		ADDED from src\main\AndroidManifest.xml:127:13-69
activity#com.shima.smartbushome.about.AboutActivity
ADDED from src\main\AndroidManifest.xml:129:9-131:55
	android:screenOrientation
		ADDED from src\main\AndroidManifest.xml:131:13-52
	android:name
		ADDED from src\main\AndroidManifest.xml:130:13-70
activity#com.shima.smartbushome.mainsetting.MainSettingActivity
ADDED from src\main\AndroidManifest.xml:132:9-135:57
	android:screenOrientation
		ADDED from src\main\AndroidManifest.xml:134:13-52
	android:windowSoftInputMode
		ADDED from src\main\AndroidManifest.xml:135:13-54
	android:name
		ADDED from src\main\AndroidManifest.xml:133:13-82
activity#com.shima.smartbushome.centercontrol.MarcoActivity
ADDED from src\main\AndroidManifest.xml:136:9-138:55
	android:screenOrientation
		ADDED from src\main\AndroidManifest.xml:138:13-52
	android:name
		ADDED from src\main\AndroidManifest.xml:137:13-78
activity#com.shima.smartbushome.centercontrol.MarcoAddActivity
ADDED from src\main\AndroidManifest.xml:139:9-143:57
	android:screenOrientation
		ADDED from src\main\AndroidManifest.xml:141:13-52
	android:windowSoftInputMode
		ADDED from src\main\AndroidManifest.xml:143:13-54
	android:theme
		ADDED from src\main\AndroidManifest.xml:142:13-49
	android:name
		ADDED from src\main\AndroidManifest.xml:140:13-81
activity#com.shima.smartbushome.centercontrol.AllLightActivity
ADDED from src\main\AndroidManifest.xml:144:9-146:55
	android:screenOrientation
		ADDED from src\main\AndroidManifest.xml:146:13-52
	android:name
		ADDED from src\main\AndroidManifest.xml:145:13-81
activity#com.shima.smartbushome.centercontrol.AllHVACActivity
ADDED from src\main\AndroidManifest.xml:147:9-149:55
	android:screenOrientation
		ADDED from src\main\AndroidManifest.xml:149:13-52
	android:name
		ADDED from src\main\AndroidManifest.xml:148:13-80
activity#com.shima.smartbushome.centercontrol.AllMusicActivity
ADDED from src\main\AndroidManifest.xml:150:9-152:55
	android:screenOrientation
		ADDED from src\main\AndroidManifest.xml:152:13-52
	android:name
		ADDED from src\main\AndroidManifest.xml:151:13-81
activity#com.shima.smartbushome.centercontrol.AllCurtainActivity
ADDED from src\main\AndroidManifest.xml:153:9-155:55
	android:screenOrientation
		ADDED from src\main\AndroidManifest.xml:155:13-52
	android:name
		ADDED from src\main\AndroidManifest.xml:154:13-83
activity#com.shima.smartbushome.centercontrol.MarcoAddDetailActivity
ADDED from src\main\AndroidManifest.xml:156:9-158:55
	android:screenOrientation
		ADDED from src\main\AndroidManifest.xml:158:13-52
	android:name
		ADDED from src\main\AndroidManifest.xml:157:13-87
activity#com.shima.smartbushome.centercontrol.AllOtherActivity
ADDED from src\main\AndroidManifest.xml:159:9-161:55
	android:screenOrientation
		ADDED from src\main\AndroidManifest.xml:161:13-52
	android:name
		ADDED from src\main\AndroidManifest.xml:160:13-81
activity#com.shima.smartbushome.centercontrol.AllFanActivity
ADDED from src\main\AndroidManifest.xml:162:9-164:55
	android:screenOrientation
		ADDED from src\main\AndroidManifest.xml:164:13-52
	android:name
		ADDED from src\main\AndroidManifest.xml:163:13-79
activity#com.shima.smartbushome.centercontrol.Security
ADDED from src\main\AndroidManifest.xml:165:9-168:67
	android:screenOrientation
		ADDED from src\main\AndroidManifest.xml:167:13-52
	android:windowSoftInputMode
		ADDED from src\main\AndroidManifest.xml:168:13-64
	android:name
		ADDED from src\main\AndroidManifest.xml:166:13-73
activity#com.shima.smartbushome.centercontrol.SecuritySettingActivity
ADDED from src\main\AndroidManifest.xml:169:9-171:55
	android:screenOrientation
		ADDED from src\main\AndroidManifest.xml:171:13-52
	android:name
		ADDED from src\main\AndroidManifest.xml:170:13-88
activity#com.shima.smartbushome.centercontrol.EnergyActivity
ADDED from src\main\AndroidManifest.xml:172:9-174:55
	android:screenOrientation
		ADDED from src\main\AndroidManifest.xml:174:13-52
	android:name
		ADDED from src\main\AndroidManifest.xml:173:13-79
activity#com.shima.smartbushome.centercontrol.EnergyLogActivity
ADDED from src\main\AndroidManifest.xml:175:9-177:55
	android:screenOrientation
		ADDED from src\main\AndroidManifest.xml:177:13-52
	android:name
		ADDED from src\main\AndroidManifest.xml:176:13-82
activity#com.shima.smartbushome.centercontrol.StatusActivity
ADDED from src\main\AndroidManifest.xml:178:9-88
	android:name
		ADDED from src\main\AndroidManifest.xml:178:19-85
service#com.shima.smartbushome.assist.AutoUpdate.UpdateService
ADDED from src\main\AndroidManifest.xml:180:9-90
	android:name
		ADDED from src\main\AndroidManifest.xml:180:18-87
activity#com.shima.smartbushome.centercontrol.ScheduleActivity
ADDED from src\main\AndroidManifest.xml:182:9-131
	android:screenOrientation
		ADDED from src\main\AndroidManifest.xml:182:89-128
	android:name
		ADDED from src\main\AndroidManifest.xml:182:19-87
activity#com.shima.smartbushome.centercontrol.ScheduleAddActivity
ADDED from src\main\AndroidManifest.xml:183:9-134
	android:screenOrientation
		ADDED from src\main\AndroidManifest.xml:183:92-131
	android:name
		ADDED from src\main\AndroidManifest.xml:183:19-90
activity#com.shima.smartbushome.centercontrol.NFCActivity
ADDED from src\main\AndroidManifest.xml:184:9-126
	android:screenOrientation
		ADDED from src\main\AndroidManifest.xml:184:84-123
	android:name
		ADDED from src\main\AndroidManifest.xml:184:19-82
activity#com.shima.smartbushome.centercontrol.NFCAddActivity
ADDED from src\main\AndroidManifest.xml:185:9-129
	android:screenOrientation
		ADDED from src\main\AndroidManifest.xml:185:87-126
	android:name
		ADDED from src\main\AndroidManifest.xml:185:19-85
service#com.shima.smartbushome.andserver.CoreService
ADDED from src\main\AndroidManifest.xml:189:9-191:39
	android:exported
		ADDED from src\main\AndroidManifest.xml:191:13-37
	android:name
		ADDED from src\main\AndroidManifest.xml:190:13-50
uses-sdk
INJECTED from src\main\AndroidManifest.xml reason: use-sdk injection requested
INJECTED from src\main\AndroidManifest.xml
INJECTED from src\main\AndroidManifest.xml
MERGED from [:dialogview] AndroidManifest.xml:7:5-9:41
MERGED from [:dialogview] AndroidManifest.xml:7:5-9:41
MERGED from [:coolswitch] AndroidManifest.xml:7:5-9:41
MERGED from [:coolswitch] AndroidManifest.xml:7:5-9:41
MERGED from [:selfseekbar] AndroidManifest.xml:7:5-9:41
MERGED from [:selfseekbar] AndroidManifest.xml:7:5-9:41
MERGED from [:vstarcam] AndroidManifest.xml:7:5-9:41
MERGED from [:vstarcam] AndroidManifest.xml:7:5-9:41
MERGED from [:smart_link] AndroidManifest.xml:7:5-9:41
MERGED from [:smart_link] AndroidManifest.xml:7:5-9:41
MERGED from [com.ashokvarma.android:bottom-navigation-bar:1.3.1] AndroidManifest.xml:7:5-9:41
MERGED from [com.ashokvarma.android:bottom-navigation-bar:1.3.1] AndroidManifest.xml:7:5-9:41
MERGED from [com.android.support:design:25.3.1] AndroidManifest.xml:21:5-23:62
MERGED from [com.android.support:design:25.3.1] AndroidManifest.xml:21:5-23:62
MERGED from [ru.alexbykov:nopermission:1.1.2] AndroidManifest.xml:8:5-10:41
MERGED from [ru.alexbykov:nopermission:1.1.2] AndroidManifest.xml:8:5-10:41
MERGED from [com.github.goweii:AnyLayer:2.1.2] AndroidManifest.xml:7:5-9:41
MERGED from [com.github.goweii:AnyLayer:2.1.2] AndroidManifest.xml:7:5-9:41
MERGED from [com.github.goweii:Blurred:1.0.0] AndroidManifest.xml:7:5-9:41
MERGED from [com.github.goweii:Blurred:1.0.0] AndroidManifest.xml:7:5-9:41
MERGED from [com.android.support:appcompat-v7:25.3.1] AndroidManifest.xml:21:5-23:78
MERGED from [com.android.support:appcompat-v7:25.3.1] AndroidManifest.xml:21:5-23:78
MERGED from [com.android.support:transition:25.3.1] AndroidManifest.xml:20:5-44
MERGED from [com.android.support:transition:25.3.1] AndroidManifest.xml:20:5-44
MERGED from [com.android.support:support-v4:25.3.1] AndroidManifest.xml:21:5-23:54
MERGED from [com.android.support:support-v4:25.3.1] AndroidManifest.xml:21:5-23:54
MERGED from [com.android.support:cardview-v7:25.3.1] AndroidManifest.xml:20:5-43
MERGED from [com.android.support:cardview-v7:25.3.1] AndroidManifest.xml:20:5-43
MERGED from [com.contrarywind:Android-PickerView:3.0.8] AndroidManifest.xml:7:5-9:41
MERGED from [com.contrarywind:Android-PickerView:3.0.8] AndroidManifest.xml:7:5-9:41
MERGED from [com.yanzhenjie:andserver:1.0.3] AndroidManifest.xml:21:5-23:41
MERGED from [com.yanzhenjie:andserver:1.0.3] AndroidManifest.xml:21:5-23:41
MERGED from [com.tencent.bugly:crashreport:2.2.0] AndroidManifest.xml:7:5-9:41
MERGED from [com.tencent.bugly:crashreport:2.2.0] AndroidManifest.xml:7:5-9:41
MERGED from [cn.gavinliu:ShapedImageView:0.8.6] AndroidManifest.xml:7:5-9:41
MERGED from [cn.gavinliu:ShapedImageView:0.8.6] AndroidManifest.xml:7:5-9:41
MERGED from [com.github.bumptech.glide:glide:4.8.0] AndroidManifest.xml:6:5-8:41
MERGED from [com.github.bumptech.glide:glide:4.8.0] AndroidManifest.xml:6:5-8:41
MERGED from [com.android.support:animated-vector-drawable:25.3.1] AndroidManifest.xml:20:5-44
MERGED from [com.android.support:animated-vector-drawable:25.3.1] AndroidManifest.xml:20:5-44
MERGED from [com.android.support:support-vector-drawable:25.3.1] AndroidManifest.xml:20:5-43
MERGED from [com.android.support:support-vector-drawable:25.3.1] AndroidManifest.xml:20:5-43
MERGED from [com.android.support:support-fragment:25.3.1] AndroidManifest.xml:21:5-23:60
MERGED from [com.android.support:support-fragment:25.3.1] AndroidManifest.xml:21:5-23:60
MERGED from [com.android.support:support-media-compat:25.3.1] AndroidManifest.xml:21:5-23:63
MERGED from [com.android.support:support-media-compat:25.3.1] AndroidManifest.xml:21:5-23:63
MERGED from [com.android.support:support-core-utils:25.3.1] AndroidManifest.xml:21:5-23:61
MERGED from [com.android.support:support-core-utils:25.3.1] AndroidManifest.xml:21:5-23:61
MERGED from [com.android.support:recyclerview-v7:25.3.1] AndroidManifest.xml:20:5-43
MERGED from [com.android.support:recyclerview-v7:25.3.1] AndroidManifest.xml:20:5-43
MERGED from [com.android.support:support-core-ui:25.3.1] AndroidManifest.xml:21:5-23:58
MERGED from [com.android.support:support-core-ui:25.3.1] AndroidManifest.xml:21:5-23:58
MERGED from [com.android.support:support-compat:25.3.1] AndroidManifest.xml:21:5-23:58
MERGED from [com.android.support:support-compat:25.3.1] AndroidManifest.xml:21:5-23:58
MERGED from [com.github.bumptech.glide:gifdecoder:4.8.0] AndroidManifest.xml:5:5-7:41
MERGED from [com.github.bumptech.glide:gifdecoder:4.8.0] AndroidManifest.xml:5:5-7:41
MERGED from [com.android.support.constraint:constraint-layout:1.1.3] AndroidManifest.xml:5:5-7:41